2024-08-27 11:12:59 INFO  Utils:112 - [TestNG] Running:
  C:\Users\amitt\eclipse-workspace\Opencart121\grid-docker.xml

2024-08-27 11:14:37 INFO  Utils:112 - [TestNG] Running:
  C:\Users\amitt\eclipse-workspace\Opencart121\grid-docker.xml

2024-08-27 11:19:13 INFO  Utils:112 - [TestNG] Running:
  C:\Users\amitt\eclipse-workspace\Opencart121\crossbrowsertest.xml

2024-08-27 11:23:03 INFO  Utils:112 - [TestNG] Running:
  C:\Users\amitt\eclipse-workspace\Opencart121\grouping.xml

2024-08-27 11:33:17 INFO  Utils:112 - [TestNG] Running:
  C:\Users\amitt\eclipse-workspace\Opencart121\grid-docker.xml

2024-08-27 11:43:11 INFO  Utils:112 - [TestNG] Running:
  C:\Users\amitt\eclipse-workspace\Opencart121\crossbrowsertest.xml

2024-08-27 11:43:38 INFO  TC_001_AccountRegistrationTest:16 - ******Starting  TC_001_AccountRegistrationTest  ******* 
2024-08-27 11:47:56 INFO  Utils:112 - [TestNG] Running:
  C:\Users\amitt\eclipse-workspace\Opencart121\grid-docker.xml

2024-08-27 11:53:42 INFO  Utils:112 - [TestNG] Running:
  C:\Users\amitt\eclipse-workspace\Opencart121\grid-docker.xml

2024-08-27 11:57:55 INFO  Utils:112 - [TestNG] Running:
  C:\Users\amitt\eclipse-workspace\Opencart121\grouping.xml

2024-08-27 11:58:10 INFO  TC_001_AccountRegistrationTest:16 - ******Starting  TC_001_AccountRegistrationTest  ******* 
2024-08-27 11:58:11 INFO  TC_001_AccountRegistrationTest:23 - Clicked on MyAccount link
2024-08-27 11:58:12 INFO  TC_001_AccountRegistrationTest:25 - Clicked on Register link
2024-08-27 11:58:12 INFO  TC_001_AccountRegistrationTest:29 - Providing customer detail
2024-08-27 11:58:13 INFO  TC_001_AccountRegistrationTest:43 - Validating expected message...
2024-08-27 11:58:15 INFO  TC_001_AccountRegistrationTest:66 - ******Finished  TC_001_AccountRegistrationTest  ******* 
2024-08-27 11:58:20 INFO  TC002_LoginTest:17 - ******** starting TC002LoginTest********
2024-08-27 11:58:23 INFO  TC002_LoginTest:44 - ******** finished TC002LoginTest********
2024-08-27 12:01:20 INFO  Utils:112 - [TestNG] Running:
  C:\Users\amitt\eclipse-workspace\Opencart121\grid-docker.xml

2024-08-27 12:47:14 INFO  Utils:112 - [TestNG] Running:
  C:\Users\amitt\eclipse-workspace\Opencart121\grid-docker.xml

2024-08-27 15:29:20 INFO  Utils:112 - [TestNG] Running:
  C:\Users\amitt\eclipse-workspace\Opencart121\grouping.xml

2024-08-27 15:29:30 INFO  TC_001_AccountRegistrationTest:16 - ******Starting  TC_001_AccountRegistrationTest  ******* 
2024-08-27 15:29:31 INFO  TC_001_AccountRegistrationTest:23 - Clicked on MyAccount link
2024-08-27 15:29:32 INFO  TC_001_AccountRegistrationTest:25 - Clicked on Register link
2024-08-27 15:29:32 INFO  TC_001_AccountRegistrationTest:29 - Providing customer detail
2024-08-27 15:29:33 INFO  TC_001_AccountRegistrationTest:43 - Validating expected message...
2024-08-27 15:29:34 INFO  TC_001_AccountRegistrationTest:66 - ******Finished  TC_001_AccountRegistrationTest  ******* 
2024-08-27 15:29:39 INFO  TC002_LoginTest:17 - ******** starting TC002LoginTest********
2024-08-27 15:29:42 INFO  TC002_LoginTest:44 - ******** finished TC002LoginTest********
2024-08-27 15:50:49 INFO  TC_001_AccountRegistrationTest:16 - ******Starting  TC_001_AccountRegistrationTest  ******* 
2024-08-27 15:50:50 INFO  TC_001_AccountRegistrationTest:23 - Clicked on MyAccount link
2024-08-27 15:50:51 INFO  TC_001_AccountRegistrationTest:25 - Clicked on Register link
2024-08-27 15:50:51 INFO  TC_001_AccountRegistrationTest:29 - Providing customer detail
2024-08-27 15:50:52 INFO  TC_001_AccountRegistrationTest:43 - Validating expected message...
2024-08-27 15:50:54 INFO  TC_001_AccountRegistrationTest:66 - ******Finished  TC_001_AccountRegistrationTest  ******* 
2024-08-27 15:50:57 INFO  TC002_LoginTest:17 - ******** starting TC002LoginTest********
2024-08-27 15:51:00 INFO  TC002_LoginTest:44 - ******** finished TC002LoginTest********
2024-08-27 17:03:17 INFO  TC_001_AccountRegistrationTest:16 - ******Starting  TC_001_AccountRegistrationTest  ******* 
2024-08-27 17:03:17 INFO  TC_001_AccountRegistrationTest:23 - Clicked on MyAccount link
2024-08-27 17:03:18 INFO  TC_001_AccountRegistrationTest:25 - Clicked on Register link
2024-08-27 17:03:18 INFO  TC_001_AccountRegistrationTest:29 - Providing customer detail
2024-08-27 17:03:19 INFO  TC_001_AccountRegistrationTest:43 - Validating expected message...
2024-08-27 17:03:19 INFO  TC_001_AccountRegistrationTest:66 - ******Finished  TC_001_AccountRegistrationTest  ******* 
2024-08-27 17:03:23 INFO  TC002_LoginTest:17 - ******** starting TC002LoginTest********
2024-08-27 17:03:24 INFO  TC002_LoginTest:44 - ******** finished TC002LoginTest********
2024-08-27 17:04:00 INFO  TC_001_AccountRegistrationTest:16 - ******Starting  TC_001_AccountRegistrationTest  ******* 
2024-08-27 17:04:00 INFO  TC_001_AccountRegistrationTest:23 - Clicked on MyAccount link
2024-08-27 17:04:01 INFO  TC_001_AccountRegistrationTest:25 - Clicked on Register link
2024-08-27 17:04:01 INFO  TC_001_AccountRegistrationTest:29 - Providing customer detail
2024-08-27 17:04:02 INFO  TC_001_AccountRegistrationTest:43 - Validating expected message...
2024-08-27 17:04:03 INFO  TC_001_AccountRegistrationTest:66 - ******Finished  TC_001_AccountRegistrationTest  ******* 
2024-08-27 17:04:07 INFO  TC002_LoginTest:17 - ******** starting TC002LoginTest********
2024-08-27 17:04:09 INFO  TC002_LoginTest:44 - ******** finished TC002LoginTest********
2024-08-27 17:50:48 INFO  TC_001_AccountRegistrationTest:16 - ******Starting  TC_001_AccountRegistrationTest  ******* 
2024-08-27 17:50:48 INFO  TC_001_AccountRegistrationTest:23 - Clicked on MyAccount link
2024-08-27 17:50:49 INFO  TC_001_AccountRegistrationTest:25 - Clicked on Register link
2024-08-27 17:50:49 INFO  TC_001_AccountRegistrationTest:29 - Providing customer detail
2024-08-27 17:50:50 INFO  TC_001_AccountRegistrationTest:43 - Validating expected message...
2024-08-27 17:50:51 INFO  TC_001_AccountRegistrationTest:66 - ******Finished  TC_001_AccountRegistrationTest  ******* 
2024-08-27 17:50:54 INFO  TC002_LoginTest:17 - ******** starting TC002LoginTest********
2024-08-27 17:50:56 INFO  TC002_LoginTest:44 - ******** finished TC002LoginTest********
2024-08-27 17:52:20 INFO  TC_001_AccountRegistrationTest:16 - ******Starting  TC_001_AccountRegistrationTest  ******* 
2024-08-27 17:52:20 INFO  TC_001_AccountRegistrationTest:23 - Clicked on MyAccount link
2024-08-27 17:52:21 INFO  TC_001_AccountRegistrationTest:25 - Clicked on Register link
2024-08-27 17:52:21 INFO  TC_001_AccountRegistrationTest:29 - Providing customer detail
2024-08-27 17:52:22 INFO  TC_001_AccountRegistrationTest:43 - Validating expected message...
2024-08-27 17:52:23 INFO  TC_001_AccountRegistrationTest:66 - ******Finished  TC_001_AccountRegistrationTest  ******* 
2024-08-27 17:52:26 INFO  TC002_LoginTest:17 - ******** starting TC002LoginTest********
2024-08-27 17:52:28 INFO  TC002_LoginTest:44 - ******** finished TC002LoginTest********
2024-08-27 18:16:09 INFO  TC_001_AccountRegistrationTest:16 - ******Starting  TC_001_AccountRegistrationTest  ******* 
2024-08-27 18:16:09 INFO  TC_001_AccountRegistrationTest:23 - Clicked on MyAccount link
2024-08-27 18:16:10 INFO  TC_001_AccountRegistrationTest:25 - Clicked on Register link
2024-08-27 18:16:10 INFO  TC_001_AccountRegistrationTest:29 - Providing customer detail
2024-08-27 18:16:11 INFO  TC_001_AccountRegistrationTest:43 - Validating expected message...
2024-08-27 18:16:12 INFO  TC_001_AccountRegistrationTest:66 - ******Finished  TC_001_AccountRegistrationTest  ******* 
2024-08-27 18:16:16 INFO  TC002_LoginTest:17 - ******** starting TC002LoginTest********
2024-08-27 18:16:19 INFO  TC002_LoginTest:44 - ******** finished TC002LoginTest********
